p/IMG_2740.jpg 1 0 0 3024 4032
p/IMG_2725.jpg 1 0 0 3024 4032
p/IMG_2730.jpg 1 0 0 3024 4032
p/IMG_2739.jpg 1 0 0 3024 4032
p/IMG_2724.jpg 1 0 0 3024 4032
p/IMG_2720.jpg 1 0 0 3024 4032
p/IMG_2738.jpg 1 0 0 3024 4032
p/IMG_2743.jpg 1 0 0 3024 4032
p/IMG_2734.jpg 1 0 0 3024 4032
p/IMG_2722.jpg 1 0 0 3024 4032
p/IMG_2744.jpg 1 0 0 3024 4032
p/IMG_2728.jpg 1 0 0 3024 4032
p/IMG_2737.jpg 1 0 0 3024 4032
p/IMG_2723.jpg 1 0 0 3024 4032
p/IMG_2741.jpg 1 0 0 3024 4032
p/IMG_2736.jpg 1 0 0 3024 4032
p/IMG_2729.jpg 1 0 0 3024 4032
p/IMG_2726.jpg 1 0 0 3024 4032
p/IMG_2733.jpg 1 0 0 3024 4032
p/IMG_2721.jpg 1 0 0 3024 4032
p/IMG_2731.jpg 1 0 0 3024 4032
p/IMG_2719.jpg 1 0 0 3024 4032
p/IMG_2732.jpg 1 0 0 3024 4032
p/IMG_2742.jpg 1 0 0 3024 4032
p/IMG_2727.jpg 1 0 0 3024 4032
p/IMG_2735.jpg 1 0 0 3024 4032
p/IMG_2701.jpg 1 0 0 3024 4032
p/IMG_2691.jpg 1 0 0 3024 4032
p/IMG_2690.jpg 1 0 0 3024 4032
p/IMG_2693.jpg 1 0 0 3024 4032
p/IMG_2703.jpg 1 0 0 3024 4032
p/IMG_2697.jpg 1 0 0 3024 4032
p/IMG_2695.jpg 1 0 0 3024 4032
p/IMG_2718.jpg 1 0 0 3024 4032
p/IMG_2698.jpg 1 0 0 3024 4032
p/IMG_2694.jpg 1 0 0 3024 4032
p/IMG_2717.jpg 1 0 0 3024 4032
p/IMG_2705.jpg 1 0 0 3024 4032
p/IMG_2713.jpg 1 0 0 3024 4032
p/IMG_2706.jpg 1 0 0 3024 4032
p/IMG_2689.jpg 1 0 0 3024 4032
p/IMG_2700.jpg 1 0 0 3024 4032
p/IMG_2716.jpg 1 0 0 3024 4032
p/IMG_2702.jpg 1 0 0 3024 4032
p/IMG_2696.jpg 1 0 0 3024 4032
p/IMG_2715.jpg 1 0 0 3024 4032
p/IMG_2707.jpg 1 0 0 3024 4032
p/IMG_2708.jpg 1 0 0 3024 4032
p/IMG_2712.jpg 1 0 0 3024 4032
p/IMG_2699.jpg 1 0 0 3024 4032
p/IMG_2710.jpg 1 0 0 3024 4032
p/IMG_2692.jpg 1 0 0 3024 4032
p/IMG_2711.jpg 1 0 0 3024 4032
p/IMG_2704.jpg 1 0 0 3024 4032
p/IMG_2709.jpg 1 0 0 3024 4032
p/IMG_2714.jpg 1 0 0 3024 4032
p/IMG_2421.jpg 1 0 0 3024 4032
p/IMG_2420.jpg 1 0 0 3024 4032
p/IMG_2410.jpg 1 0 0 3024 4032
p/IMG_2428.jpg 1 0 0 3024 4032
p/IMG_2406.jpg 1 0 0 3024 4032
p/IMG_2430.jpg 1 0 0 3024 4032
p/IMG_2401.jpg 1 0 0 3024 4032
p/IMG_2409.jpg 1 0 0 3024 4032
p/IMG_2422.jpg 1 0 0 3024 4032
p/IMG_2413.jpg 1 0 0 3024 4032
p/IMG_2427.jpg 1 0 0 3024 4032
p/IMG_2407.jpg 1 0 0 3024 4032
p/IMG_2424.jpg 1 0 0 3024 4032
p/IMG_2423.jpg 1 0 0 3024 4032
p/IMG_2402.jpg 1 0 0 3024 4032
p/IMG_2425.jpg 1 0 0 3024 4032
p/IMG_2415.jpg 1 0 0 3024 4032
p/IMG_2416.jpg 1 0 0 3024 4032
p/IMG_2405.jpg 1 0 0 3024 4032
p/IMG_2426.jpg 1 0 0 3024 4032
p/IMG_2408.jpg 1 0 0 3024 4032
p/IMG_2429.jpg 1 0 0 3024 4032
p/IMG_2404.jpg 1 0 0 3024 4032
p/IMG_2414.jpg 1 0 0 3024 4032
p/IMG_2412.jpg 1 0 0 3024 4032
p/IMG_2403.jpg 1 0 0 3024 4032
p/IMG_2411.jpg 1 0 0 3024 4032
p/IMG_2418.jpg 1 0 0 3024 4032
p/IMG_2417.jpg 1 0 0 3024 4032
p/IMG_2419.jpg 1 0 0 3024 4032
p/IMG_2610.jpg 1 0 0 3024 4032
p/IMG_2609.jpg 1 0 0 3024 4032
p/IMG_2608.jpg 1 0 0 3024 4032
p/IMG_2607.jpg 1 0 0 3024 4032
p/IMG_2606.jpg 1 0 0 3024 4032
p/IMG_2605.jpg 1 0 0 3024 4032
p/IMG_2604.jpg 1 0 0 3024 4032
p/IMG_2453.jpg 1 0 0 3024 4032
p/IMG_2452.jpg 1 0 0 3024 4032
p/IMG_2451.jpg 1 0 0 3024 4032
p/IMG_2450.jpg 1 0 0 3024 4032
p/IMG_2449.jpg 1 0 0 3024 4032
p/IMG_2448.jpg 1 0 0 3024 4032
p/IMG_2447.jpg 1 0 0 3024 4032
p/IMG_2446.jpg 1 0 0 3024 4032
p/IMG_2445.jpg 1 0 0 3024 4032
p/IMG_2444.jpg 1 0 0 3024 4032
p/IMG_2443.jpg 1 0 0 3024 4032
p/IMG_2442.jpg 1 0 0 3024 4032
p/IMG_2441.jpg 1 0 0 3024 4032
p/IMG_2440.jpg 1 0 0 3024 4032
p/IMG_2439.jpg 1 0 0 3024 4032
p/IMG_2438.jpg 1 0 0 3024 4032
p/IMG_2437.jpg 1 0 0 3024 4032
p/IMG_2436.jpg 1 0 0 3024 4032
p/IMG_2435.jpg 1 0 0 3024 4032
p/IMG_2434.jpg 1 0 0 3024 4032
p/IMG_2433.jpg 1 0 0 3024 4032
p/IMG_2432.jpg 1 0 0 3024 4032
p/IMG_2431.jpg 1 0 0 3024 4032
p/IMG_2624.jpg 1 0 0 3024 4032
p/IMG_2656.jpg 1 0 0 3024 4032
p/IMG_2396.jpg 1 0 0 3024 4032
p/IMG_2617.jpg 1 0 0 3024 4032
p/IMG_2398.jpg 1 0 0 3024 4032
p/IMG_2384.jpg 1 0 0 3024 4032
p/IMG_2612.jpg 1 0 0 3024 4032
p/IMG_2383.jpg 1 0 0 3024 4032
p/IMG_2651.jpg 1 0 0 3024 4032
p/IMG_2376.jpg 1 0 0 3024 4032
p/IMG_2619.jpg 1 0 0 3024 4032
p/IMG_2395.jpg 1 0 0 3024 4032
p/IMG_2377.jpg 1 0 0 3024 4032
p/IMG_2613.jpg 1 0 0 3024 4032
p/IMG_2622.jpg 1 0 0 3024 4032
p/IMG_2388.jpg 1 0 0 3024 4032
p/IMG_2654.jpg 1 0 0 3024 4032
p/IMG_2655.jpg 1 0 0 3024 4032
p/IMG_2390.jpg 1 0 0 3024 4032
p/IMG_2373.jpg 1 0 0 3024 4032
p/IMG_2379.jpg 1 0 0 3024 4032
p/IMG_2611.jpg 1 0 0 3024 4032
p/IMG_2623.jpg 1 0 0 3024 4032
p/IMG_2393.jpg 1 0 0 3024 4032
p/IMG_2400.jpg 1 0 0 3024 4032
p/IMG_2391.jpg 1 0 0 3024 4032
p/IMG_2378.jpg 1 0 0 3024 4032
p/IMG_2625.jpg 1 0 0 3024 4032
p/IMG_2392.jpg 1 0 0 3024 4032
p/IMG_2386.jpg 1 0 0 3024 4032
p/IMG_2652.jpg 1 0 0 3024 4032
p/IMG_2615.jpg 1 0 0 3024 4032
p/IMG_2397.jpg 1 0 0 3024 4032
p/IMG_2394.jpg 1 0 0 3024 4032
p/IMG_2372.jpg 1 0 0 3024 4032
p/IMG_2371.jpg 1 0 0 3024 4032
p/IMG_2385.jpg 1 0 0 3024 4032
p/IMG_2387.jpg 1 0 0 3024 4032
p/IMG_2650.jpg 1 0 0 3024 4032
p/IMG_2374.jpg 1 0 0 3024 4032
p/IMG_2621.jpg 1 0 0 3024 4032
p/IMG_2614.jpg 1 0 0 3024 4032
p/IMG_2389.jpg 1 0 0 3024 4032
p/IMG_2616.jpg 1 0 0 3024 4032
p/IMG_2653.jpg 1 0 0 3024 4032
p/IMG_2375.jpg 1 0 0 3024 4032
p/IMG_2380.jpg 1 0 0 3024 4032
p/IMG_2381.jpg 1 0 0 3024 4032
p/IMG_2620.jpg 1 0 0 3024 4032
p/IMG_2399.jpg 1 0 0 3024 4032
p/IMG_2382.jpg 1 0 0 3024 4032
p/IMG_2618.jpg 1 0 0 3024 4032
p/IMG_2269.jpg 1 0 0 3024 4032
p/IMG_2274.jpg 1 0 0 3024 4032
p/IMG_2289.jpg 1 0 0 3024 4032
p/IMG_2248.jpg 1 0 0 3024 4032
p/IMG_2283.jpg 1 0 0 3024 4032
p/IMG_2285.jpg 1 0 0 3024 4032
p/IMG_2288.jpg 1 0 0 3024 4032
p/IMG_2271.jpg 1 0 0 3024 4032
p/IMG_2244.jpg 1 0 0 3024 4032
p/IMG_2262.jpg 1 0 0 3024 4032
p/IMG_2239.jpg 1 0 0 3024 4032
p/IMG_2266.jpg 1 0 0 3024 4032
p/IMG_2286.jpg 1 0 0 3024 4032
p/IMG_2282.jpg 1 0 0 3024 4032
p/IMG_2277.jpg 1 0 0 3024 4032
p/IMG_2275.jpg 1 0 0 3024 4032
p/IMG_2241.jpg 1 0 0 3024 4032
p/IMG_2261.jpg 1 0 0 3024 4032
p/IMG_2255.jpg 1 0 0 3024 4032
p/IMG_2237.jpg 1 0 0 3024 4032
p/IMG_2287.jpg 1 0 0 3024 4032
p/IMG_2279.jpg 1 0 0 3024 4032